#
# A fatal error has been detected by the Java Runtime Environment:
#
#  SIGSEGV (0xb) at pc=0x0000000104c32d20, pid=6780, tid=18947
#
# JRE version: Java(TM) SE Runtime Environment (8.0_40-b25) (build 1.8.0_40-b25)
# Java VM: Java HotSpot(TM) 64-Bit Server VM (25.40-b25 mixed mode bsd-amd64 compressed oops)
# Problematic frame:
# V  [libjvm.dylib+0x432d20]  Method::checked_resolve_jmethod_id(_jmethodID*)+0xe
#
# Failed to write core dump. Core dumps have been disabled. To enable core dumping, try "ulimit -c unlimited" before starting Java again
#
# If you would like to submit a bug report, please visit:
#   http://bugreport.java.com/bugreport/crash.jsp
#

---------------  T H R E A D  ---------------

Current thread (0x00007fcd3d000800):  JavaThread "JDWP Transport Listener: dt_socket" daemon [_thread_in_vm, id=18947, stack(0x0000700000ec4000,0x0000700000fc4000)]

siginfo: si_signo: 11 (SIGSEGV), si_code: 1 (SEGV_MAPERR), si_addr: 0x000000000000016e

Registers:
RAX=0x0000000000000001, RBX=0x0000700000fc3a8b, RCX=0x0000000104ffa190, RDX=0x0000700000fc3a8b
RSP=0x0000700000fc39d0, RBP=0x0000700000fc39e0, RSI=0x00007fcd3d000800, RDI=0x000000000000016e
R8 =0x0000000000000002, R9 =0x0000000000000000, R10=0x0000000000000003, R11=0x00007fcd3c200000
R12=0x00007fcd3d000800, R13=0x000000000000016e, R14=0x000000000000016e, R15=0x00007fcd39c162b0
RIP=0x0000000104c32d20, EFLAGS=0x0000000000010202, ERR=0x0000000000000004
  TRAPNO=0x000000000000000e

Top of Stack: (sp=0x0000700000fc39d0)
0x0000700000fc39d0:   0000700000fc3a8b 0000700000fc3a8b
0x0000700000fc39e0:   0000700000fc3a40 0000000104b4311a
0x0000700000fc39f0:   00007fcd3d000800 0000000000000000
0x0000700000fc3a00:   0000000000000000 0000000000000000
0x0000700000fc3a10:   00007fcd3d000800 00007fcd3d000800
0x0000700000fc3a20:   0000700000fc3a8b 0000700000fc3a90
0x0000700000fc3a30:   000000000000016e 000000000000000f
0x0000700000fc3a40:   0000700000fc3a60 0000000103722780
0x0000700000fc3a50:   0000000000000001 0000700000fc3b08
0x0000700000fc3a60:   0000700000fc3ad0 00000001037071f3
0x0000700000fc3a70:   0000700000fc3aa0 00007fcd3c2e3de0
0x0000700000fc3a80:   0000001000000032 f000100a01fc3b08
0x0000700000fc3a90:   0000000000000000 0000000000000000
0x0000700000fc3aa0:   0000000000000000 0000700000fc3c90
0x0000700000fc3ab0:   0000000103729e7a 00007fcd39fca190
0x0000700000fc3ac0:   0000700000fc3b08 0000000103735598
0x0000700000fc3ad0:   0000700000fc3ae0 00000001037072ec
0x0000700000fc3ae0:   0000700000fc3d00 0000000103710898
0x0000700000fc3af0:   00009dd800000013 00000000000f0200
0x0000700000fc3b00:   00007fcd3c44c1b0 00007fcd406415f0
0x0000700000fc3b10:   00007fcd000002c0 00007fcd3c2cb3c0
0x0000700000fc3b20:   000000000000012c 0000700000fc3b58
0x0000700000fc3b30:   00007fcd3c2e8580 0000000000000000
0x0000700000fc3b40:   00009dd80000000f 00007fff00007c80
0x0000700000fc3b50:   0000700000fc3b58 cd7f000010000000
0x0000700000fc3b60:   0600000018f2d039 00003e74696e693c
0x0000700000fc3b70:   0000005629280300 7f00000100000000
0x0000700000fc3b80:   00000020f2d039cd 6165527473657416
0x0000700000fc3b90:   65746c69666e5564 0061746144646572
0x0000700000fc3ba0:   0000562928030000 0000010000000000
0x0000700000fc3bb0:   000028f2d039cd7f 6552747365741100
0x0000700000fc3bc0:   7942617461446461 2803000000796144 

Instructions: (pc=0x0000000104c32d20)
0x0000000104c32d00:   40 48 48 85 c0 75 e0 30 c0 0f b6 c0 5d c3 31 c0
0x0000000104c32d10:   5d c3 55 48 89 e5 53 48 83 ec 08 48 85 ff 74 24
0x0000000104c32d20:   48 8b 1f 48 85 db 74 1c 48 83 fb 37 74 16 48 8b
0x0000000104c32d30:   03 48 89 df ff 50 10 84 c0 b8 00 00 00 00 48 0f 

Register to memory mapping:

RAX=0x0000000000000001 is an unknown value
RBX=0x0000700000fc3a8b is pointing into the stack for thread: 0x00007fcd3d000800
RCX=0x0000000104ffa190: UseMembar+0 in /Library/Java/JavaVirtualMachines/jdk1.8.0_40.jdk/Contents/Home/jre/lib/server/libjvm.dylib at 0x0000000104800000
RDX=0x0000700000fc3a8b is pointing into the stack for thread: 0x00007fcd3d000800
RSP=0x0000700000fc39d0 is pointing into the stack for thread: 0x00007fcd3d000800
RBP=0x0000700000fc39e0 is pointing into the stack for thread: 0x00007fcd3d000800
RSI=0x00007fcd3d000800 is a thread
RDI=0x000000000000016e is an unknown value
R8 =0x0000000000000002 is an unknown value
R9 =0x0000000000000000 is an unknown value
R10=0x0000000000000003 is an unknown value
R11=0x00007fcd3c200000 is an unknown value
R12=0x00007fcd3d000800 is a thread
R13=0x000000000000016e is an unknown value
R14=0x000000000000016e is an unknown value
R15=0x00007fcd39c162b0 is an unknown value


Stack: [0x0000700000ec4000,0x0000700000fc4000],  sp=0x0000700000fc39d0,  free space=1022k
Native frames: (J=compiled Java code, j=interpreted, Vv=VM code, C=native code)
V  [libjvm.dylib+0x432d20]  Method::checked_resolve_jmethod_id(_jmethodID*)+0xe
V  [libjvm.dylib+0x34311a]  jvmti_IsMethodSynthetic+0xb2
C  [libjdwp.dylib+0x20780]  isMethodSynthetic+0x63
C  [libjdwp.dylib+0x51f3]  methods1+0x10b
C  [libjdwp.dylib+0x52ec]  methodsWithGeneric+0xe
C  [libjdwp.dylib+0xe898]  debugLoop_run+0x1ce
C  [libjdwp.dylib+0x1f6ba]  attachThread+0x4d
V  [libjvm.dylib+0x384060]  JvmtiAgentThread::call_start_function()+0x38
V  [libjvm.dylib+0x549acf]  JavaThread::thread_main_inner()+0x9b
V  [libjvm.dylib+0x54b1c0]  JavaThread::run()+0x1c2
V  [libjvm.dylib+0x46ea8e]  java_start(Thread*)+0xf6
C  [libsystem_pthread.dylib+0x399d]  _pthread_body+0x83
C  [libsystem_pthread.dylib+0x391a]  _pthread_body+0x0
C  [libsystem_pthread.dylib+0x1351]  thread_start+0xd
C  0x0000000000000000


---------------  P R O C E S S  ---------------

Java Threads: ( => current thread )
  0x00007fcd41193000 JavaThread "Tomcat JDBC Pool Cleaner[349885916:1468215283735]" daemon [_thread_blocked, id=23559, stack(0x00007000017df000,0x00007000018df000)]
  0x00007fcd3b865800 JavaThread "Service Thread" daemon [_thread_blocked, id=22531, stack(0x00007000015d9000,0x00007000016d9000)]
  0x00007fcd3d82f800 JavaThread "C1 CompilerThread3" daemon [_thread_blocked, id=22019, stack(0x00007000014d6000,0x00007000015d6000)]
  0x00007fcd3d81f000 JavaThread "C2 CompilerThread2" daemon [_thread_blocked, id=21507, stack(0x00007000013d3000,0x00007000014d3000)]
  0x00007fcd3b85d000 JavaThread "C2 CompilerThread1" daemon [_thread_blocked, id=20995, stack(0x00007000012d0000,0x00007000013d0000)]
  0x00007fcd3d81e000 JavaThread "C2 CompilerThread0" daemon [_thread_blocked, id=20483, stack(0x00007000011cd000,0x00007000012cd000)]
  0x00007fcd3b002000 JavaThread "JDWP Command Reader" daemon [_thread_in_native, id=19971, stack(0x00007000010ca000,0x00007000011ca000)]
  0x00007fcd3d001800 JavaThread "JDWP Event Helper Thread" daemon [_thread_blocked, id=19459, stack(0x0000700000fc7000,0x00007000010c7000)]
=>0x00007fcd3d000800 JavaThread "JDWP Transport Listener: dt_socket" daemon [_thread_in_vm, id=18947, stack(0x0000700000ec4000,0x0000700000fc4000)]
  0x00007fcd3d800000 JavaThread "Signal Dispatcher" daemon [_thread_blocked, id=15887, stack(0x0000700000dc1000,0x0000700000ec1000)]
  0x00007fcd3a810000 JavaThread "Finalizer" daemon [_thread_blocked, id=14339, stack(0x0000700000c3b000,0x0000700000d3b000)]
  0x00007fcd3a809800 JavaThread "Reference Handler" daemon [_thread_blocked, id=13827, stack(0x0000700000b38000,0x0000700000c38000)]
  0x00007fcd3c801800 JavaThread "main" [_thread_blocked, id=5891, stack(0x000070000011a000,0x000070000021a000)]

Other Threads:
  0x00007fcd3a809000 VMThread [stack: 0x0000700000a35000,0x0000700000b35000] [id=13315]
  0x00007fcd3b817800 WatcherThread [stack: 0x00007000016dc000,0x00007000017dc000] [id=23043]

VM state:not at safepoint (normal execution)

VM Mutex/Monitor currently owned by a thread: None

Heap:
 PSYoungGen      total 272896K, used 148968K [0x000000076ab00000, 0x000000077c000000, 0x00000007c0000000)
  eden space 262144K, 56% used [0x000000076ab00000,0x0000000773c7a3c0,0x000000077ab00000)
  from space 10752K, 0% used [0x000000077b580000,0x000000077b580000,0x000000077c000000)
  to   space 10752K, 0% used [0x000000077ab00000,0x000000077ab00000,0x000000077b580000)
 ParOldGen       total 92672K, used 9540K [0x00000006c0000000, 0x00000006c5a80000, 0x000000076ab00000)
  object space 92672K, 10% used [0x00000006c0000000,0x00000006c0951178,0x00000006c5a80000)
 Metaspace       used 29519K, capacity 29734K, committed 30080K, reserved 1075200K
  class space    used 3576K, capacity 3628K, committed 3712K, reserved 1048576K

Card table byte_map: [0x0000000114b29000,0x000000011532a000] byte_map_base: 0x0000000111529000

Marking Bits: (ParMarkBitMap*) 0x00000001050c27a0
 Begin Bits: [0x0000000115880000, 0x0000000119880000)
 End Bits:   [0x0000000119880000, 0x000000011d880000)

Polling page: 0x0000000103701000

CodeCache: size=245760Kb used=12045Kb max_used=12075Kb free=233714Kb
 bounds [0x0000000105769000, 0x0000000106349000, 0x0000000114769000]
 total_blobs=3610 nmethods=3164 adapters=366
 compilation: enabled

Compilation events (10 events):
Event: 3.260 Thread 0x00007fcd3d81f000 3136       4       java.lang.reflect.Method::invoke (62 bytes)
Event: 3.261 Thread 0x00007fcd3b85d000 nmethod 3161 0x0000000106322590 code [0x0000000106322700, 0x0000000106322e18]
Event: 3.262 Thread 0x00007fcd3b85d000 3157       4       sun.reflect.DelegatingMethodAccessorImpl::invoke (10 bytes)
Event: 3.262 Thread 0x00007fcd3d81f000 nmethod 3136 0x0000000106320cd0 code [0x0000000106320e40, 0x0000000106321048]
Event: 3.262 Thread 0x00007fcd3b85d000 nmethod 3157 0x0000000106320a50 code [0x0000000106320ba0, 0x0000000106320c38]
Event: 3.262 Thread 0x00007fcd3b85d000 3162       4       java.util.HashSet::<init> (16 bytes)
Event: 3.262 Thread 0x00007fcd3d81f000 3167       4       java.lang.Class::checkMemberAccess (49 bytes)
Event: 3.263 Thread 0x00007fcd3d81f000 nmethod 3167 0x0000000106322310 code [0x0000000106322460, 0x00000001063224f8]
Event: 3.263 Thread 0x00007fcd3b85d000 nmethod 3162 0x0000000106322010 code [0x0000000106322160, 0x0000000106322258]
Event: 3.286 Thread 0x00007fcd3d81e000 nmethod 3099 0x000000010633a0d0 code [0x000000010633a4e0, 0x000000010633ed98]

GC Heap History (10 events):
Event: 0.855 GC heap before
{Heap before GC invocations=1 (full 0):
 PSYoungGen      total 76288K, used 65536K [0x000000076ab00000, 0x0000000770000000, 0x00000007c0000000)
  eden space 65536K, 100% used [0x000000076ab00000,0x000000076eb00000,0x000000076eb00000)
  from space 10752K, 0% used [0x000000076f580000,0x000000076f580000,0x0000000770000000)
  to   space 10752K, 0% used [0x000000076eb00000,0x000000076eb00000,0x000000076f580000)
 ParOldGen       total 175104K, used 0K [0x00000006c0000000, 0x00000006cab00000, 0x000000076ab00000)
  object space 175104K, 0% used [0x00000006c0000000,0x00000006c0000000,0x00000006cab00000)
 Metaspace       used 9380K, capacity 9470K, committed 9728K, reserved 1058816K
  class space    used 1132K, capacity 1173K, committed 1280K, reserved 1048576K
Event: 0.865 GC heap after
Heap after GC invocations=1 (full 0):
 PSYoungGen      total 76288K, used 5519K [0x000000076ab00000, 0x0000000774000000, 0x00000007c0000000)
  eden space 65536K, 0% used [0x000000076ab00000,0x000000076ab00000,0x000000076eb00000)
  from space 10752K, 51% used [0x000000076eb00000,0x000000076f063e30,0x000000076f580000)
  to   space 10752K, 0% used [0x0000000773580000,0x0000000773580000,0x0000000774000000)
 ParOldGen       total 175104K, used 8K [0x00000006c0000000, 0x00000006cab00000, 0x000000076ab00000)
  object space 175104K, 0% used [0x00000006c0000000,0x00000006c0002000,0x00000006cab00000)
 Metaspace       used 9380K, capacity 9470K, committed 9728K, reserved 1058816K
  class space    used 1132K, capacity 1173K, committed 1280K, reserved 1048576K
}
Event: 1.245 GC heap before
{Heap before GC invocations=2 (full 0):
 PSYoungGen      total 76288K, used 71055K [0x000000076ab00000, 0x0000000774000000, 0x00000007c0000000)
  eden space 65536K, 100% used [0x000000076ab00000,0x000000076eb00000,0x000000076eb00000)
  from space 10752K, 51% used [0x000000076eb00000,0x000000076f063e30,0x000000076f580000)
  to   space 10752K, 0% used [0x0000000773580000,0x0000000773580000,0x0000000774000000)
 ParOldGen       total 175104K, used 8K [0x00000006c0000000, 0x00000006cab00000, 0x000000076ab00000)
  object space 175104K, 0% used [0x00000006c0000000,0x00000006c0002000,0x00000006cab00000)
 Metaspace       used 15705K, capacity 15850K, committed 16128K, reserved 1062912K
  class space    used 1917K, capacity 1975K, committed 2048K, reserved 1048576K
Event: 1.255 GC heap after
Heap after GC invocations=2 (full 0):
 PSYoungGen      total 141824K, used 10733K [0x000000076ab00000, 0x0000000774000000, 0x00000007c0000000)
  eden space 131072K, 0% used [0x000000076ab00000,0x000000076ab00000,0x0000000772b00000)
  from space 10752K, 99% used [0x0000000773580000,0x0000000773ffb590,0x0000000774000000)
  to   space 10752K, 0% used [0x0000000772b00000,0x0000000772b00000,0x0000000773580000)
 ParOldGen       total 175104K, used 649K [0x00000006c0000000, 0x00000006cab00000, 0x000000076ab00000)
  object space 175104K, 0% used [0x00000006c0000000,0x00000006c00a26d0,0x00000006cab00000)
 Metaspace       used 15705K, capacity 15850K, committed 16128K, reserved 1062912K
  class space    used 1917K, capacity 1975K, committed 2048K, reserved 1048576K
}
Event: 2.065 GC heap before
{Heap before GC invocations=3 (full 0):
 PSYoungGen      total 141824K, used 141805K [0x000000076ab00000, 0x0000000774000000, 0x00000007c0000000)
  eden space 131072K, 100% used [0x000000076ab00000,0x0000000772b00000,0x0000000772b00000)
  from space 10752K, 99% used [0x0000000773580000,0x0000000773ffb590,0x0000000774000000)
  to   space 10752K, 0% used [0x0000000772b00000,0x0000000772b00000,0x0000000773580000)
 ParOldGen       total 175104K, used 649K [0x00000006c0000000, 0x00000006cab00000, 0x000000076ab00000)
  object space 175104K, 0% used [0x00000006c0000000,0x00000006c00a26d0,0x00000006cab00000)
 Metaspace       used 20878K, capacity 21064K, committed 21296K, reserved 1069056K
  class space    used 2556K, capacity 2615K, committed 2688K, reserved 1048576K
Event: 2.077 GC heap after
Heap after GC invocations=3 (full 0):
 PSYoungGen      total 141824K, used 10721K [0x000000076ab00000, 0x000000077c000000, 0x00000007c0000000)
  eden space 131072K, 0% used [0x000000076ab00000,0x000000076ab00000,0x0000000772b00000)
  from space 10752K, 99% used [0x0000000772b00000,0x0000000773578758,0x0000000773580000)
  to   space 10752K, 0% used [0x000000077b580000,0x000000077b580000,0x000000077c000000)
 ParOldGen       total 175104K, used 3180K [0x00000006c0000000, 0x00000006cab00000, 0x000000076ab00000)
  object space 175104K, 1% used [0x00000006c0000000,0x00000006c031b2a0,0x00000006cab00000)
 Metaspace       used 20878K, capacity 21064K, committed 21296K, reserved 1069056K
  class space    used 2556K, capacity 2615K, committed 2688K, reserved 1048576K
}
Event: 2.113 GC heap before
{Heap before GC invocations=4 (full 0):
 PSYoungGen      total 141824K, used 17832K [0x000000076ab00000, 0x000000077c000000, 0x00000007c0000000)
  eden space 131072K, 5% used [0x000000076ab00000,0x000000076b1f1b98,0x0000000772b00000)
  from space 10752K, 99% used [0x0000000772b00000,0x0000000773578758,0x0000000773580000)
  to   space 10752K, 0% used [0x000000077b580000,0x000000077b580000,0x000000077c000000)
 ParOldGen       total 175104K, used 3180K [0x00000006c0000000, 0x00000006cab00000, 0x000000076ab00000)
  object space 175104K, 1% used [0x00000006c0000000,0x00000006c031b2a0,0x00000006cab00000)
 Metaspace       used 21008K, capacity 21128K, committed 21296K, reserved 1069056K
  class space    used 2576K, capacity 2615K, committed 2688K, reserved 1048576K
Event: 2.121 GC heap after
Heap after GC invocations=4 (full 0):
 PSYoungGen      total 272896K, used 9822K [0x000000076ab00000, 0x000000077c000000, 0x00000007c0000000)
  eden space 262144K, 0% used [0x000000076ab00000,0x000000076ab00000,0x000000077ab00000)
  from space 10752K, 91% used [0x000000077b580000,0x000000077bf17860,0x000000077c000000)
  to   space 10752K, 0% used [0x000000077ab00000,0x000000077ab00000,0x000000077b580000)
 ParOldGen       total 175104K, used 3188K [0x00000006c0000000, 0x00000006cab00000, 0x000000076ab00000)
  object space 175104K, 1% used [0x00000006c0000000,0x00000006c031d2a0,0x00000006cab00000)
 Metaspace       used 21008K, capacity 21128K, committed 21296K, reserved 1069056K
  class space    used 2576K, capacity 2615K, committed 2688K, reserved 1048576K
}
Event: 2.121 GC heap before
{Heap before GC invocations=5 (full 1):
 PSYoungGen      total 272896K, used 9822K [0x000000076ab00000, 0x000000077c000000, 0x00000007c0000000)
  eden space 262144K, 0% used [0x000000076ab00000,0x000000076ab00000,0x000000077ab00000)
  from space 10752K, 91% used [0x000000077b580000,0x000000077bf17860,0x000000077c000000)
  to   space 10752K, 0% used [0x000000077ab00000,0x000000077ab00000,0x000000077b580000)
 ParOldGen       total 175104K, used 3188K [0x00000006c0000000, 0x00000006cab00000, 0x000000076ab00000)
  object space 175104K, 1% used [0x00000006c0000000,0x00000006c031d2a0,0x00000006cab00000)
 Metaspace       used 21008K, capacity 21128K, committed 21296K, reserved 1069056K
  class space    used 2576K, capacity 2615K, committed 2688K, reserved 1048576K
Event: 2.153 GC heap after
Heap after GC invocations=5 (full 1):
 PSYoungGen      total 272896K, used 0K [0x000000076ab00000, 0x000000077c000000, 0x00000007c0000000)
  eden space 262144K, 0% used [0x000000076ab00000,0x000000076ab00000,0x000000077ab00000)
  from space 10752K, 0% used [0x000000077b580000,0x000000077b580000,0x000000077c000000)
  to   space 10752K, 0% used [0x000000077ab00000,0x000000077ab00000,0x000000077b580000)
 ParOldGen       total 92672K, used 9540K [0x00000006c0000000, 0x00000006c5a80000, 0x000000076ab00000)
  object space 92672K, 10% used [0x00000006c0000000,0x00000006c0951178,0x00000006c5a80000)
 Metaspace       used 21008K, capacity 21128K, committed 21296K, reserved 1069056K
  class space    used 2576K, capacity 2615K, committed 2688K, reserved 1048576K
}

Deoptimization events (10 events):
Event: 2.968 Thread 0x00007fcd3c801800 Uncommon trap: reason=unstable_if action=reinterpret pc=0x0000000105d76ca4 method=java.lang.String$CaseInsensitiveComparator.compare(Ljava/lang/String;Ljava/lang/String;)I @ 70
Event: 3.003 Thread 0x00007fcd3c801800 Uncommon trap: reason=unstable_if action=reinterpret pc=0x0000000106238df4 method=java.util.Properties$LineReader.readLine()I @ 174
Event: 3.139 Thread 0x00007fcd3c801800 Uncommon trap: reason=class_check action=maybe_recompile pc=0x0000000106259fe4 method=java.util.TreeMap.put(Ljava/lang/Object;Ljava/lang/Object;)Ljava/lang/Object; @ 127
Event: 3.139 Thread 0x00007fcd3c801800 Uncommon trap: reason=class_check action=maybe_recompile pc=0x0000000106259fe4 method=java.util.TreeMap.put(Ljava/lang/Object;Ljava/lang/Object;)Ljava/lang/Object; @ 127
Event: 3.139 Thread 0x00007fcd3c801800 Uncommon trap: reason=class_check action=maybe_recompile pc=0x0000000106259fe4 method=java.util.TreeMap.put(Ljava/lang/Object;Ljava/lang/Object;)Ljava/lang/Object; @ 127
Event: 3.139 Thread 0x00007fcd3c801800 Uncommon trap: reason=class_check action=maybe_recompile pc=0x0000000106259fe4 method=java.util.TreeMap.put(Ljava/lang/Object;Ljava/lang/Object;)Ljava/lang/Object; @ 127
Event: 3.205 Thread 0x00007fcd3c801800 Uncommon trap: reason=unstable_if action=reinterpret pc=0x00000001062b1ac4 method=com.mysql.jdbc.util.ReadAheadInputStream.readFromUnderlyingStreamIfNecessary([BII)I @ 200
Event: 3.205 Thread 0x00007fcd3c801800 Uncommon trap: reason=unstable_if action=reinterpret pc=0x00000001062af5b4 method=com.mysql.jdbc.util.ReadAheadInputStream.read()I @ 12
Event: 3.206 Thread 0x00007fcd3c801800 Uncommon trap: reason=unstable_if action=reinterpret pc=0x00000001062cfb48 method=com.mysql.jdbc.util.ReadAheadInputStream.readFromUnderlyingStreamIfNecessary([BII)I @ 200
Event: 3.206 Thread 0x00007fcd3c801800 Uncommon trap: reason=unstable_if action=reinterpret pc=0x00000001062cebc8 method=com.mysql.jdbc.util.ReadAheadInputStream.readFromUnderlyingStreamIfNecessary([BII)I @ 200

Internal exceptions (10 events):
Event: 2.928 Thread 0x00007fcd3c801800 Exception <a 'java/security/PrivilegedActionException'> (0x0000000772898cd8) thrown at [/Users/java_re/workspace/8-2-build-macosx-x86_64/jdk8u40/2855/hotspot/src/share/vm/prims/jvm.cpp, line 1382]
Event: 2.928 Thread 0x00007fcd3c801800 Exception <a 'java/security/PrivilegedActionException'> (0x00000007728991b0) thrown at [/Users/java_re/workspace/8-2-build-macosx-x86_64/jdk8u40/2855/hotspot/src/share/vm/prims/jvm.cpp, line 1382]
Event: 2.932 Thread 0x00007fcd3c801800 Exception <a 'java/security/PrivilegedActionException'> (0x00000007728fb138) thrown at [/Users/java_re/workspace/8-2-build-macosx-x86_64/jdk8u40/2855/hotspot/src/share/vm/prims/jvm.cpp, line 1382]
Event: 2.932 Thread 0x00007fcd3c801800 Exception <a 'java/security/PrivilegedActionException'> (0x00000007728fb610) thrown at [/Users/java_re/workspace/8-2-build-macosx-x86_64/jdk8u40/2855/hotspot/src/share/vm/prims/jvm.cpp, line 1382]
Event: 2.932 Thread 0x00007fcd3c801800 Exception <a 'java/security/PrivilegedActionException'> (0x000000077290a618) thrown at [/Users/java_re/workspace/8-2-build-macosx-x86_64/jdk8u40/2855/hotspot/src/share/vm/prims/jvm.cpp, line 1382]
Event: 2.932 Thread 0x00007fcd3c801800 Exception <a 'java/security/PrivilegedActionException'> (0x000000077290aaf0) thrown at [/Users/java_re/workspace/8-2-build-macosx-x86_64/jdk8u40/2855/hotspot/src/share/vm/prims/jvm.cpp, line 1382]
Event: 2.932 Thread 0x00007fcd3c801800 Exception <a 'java/security/PrivilegedActionException'> (0x000000077291a648) thrown at [/Users/java_re/workspace/8-2-build-macosx-x86_64/jdk8u40/2855/hotspot/src/share/vm/prims/jvm.cpp, line 1382]
Event: 2.932 Thread 0x00007fcd3c801800 Exception <a 'java/security/PrivilegedActionException'> (0x000000077291ab20) thrown at [/Users/java_re/workspace/8-2-build-macosx-x86_64/jdk8u40/2855/hotspot/src/share/vm/prims/jvm.cpp, line 1382]
Event: 2.933 Thread 0x00007fcd3c801800 Exception <a 'java/security/PrivilegedActionException'> (0x000000077292a5a0) thrown at [/Users/java_re/workspace/8-2-build-macosx-x86_64/jdk8u40/2855/hotspot/src/share/vm/prims/jvm.cpp, line 1382]
Event: 2.933 Thread 0x00007fcd3c801800 Exception <a 'java/security/PrivilegedActionException'> (0x000000077292aa78) thrown at [/Users/java_re/workspace/8-2-build-macosx-x86_64/jdk8u40/2855/hotspot/src/share/vm/prims/jvm.cpp, line 1382]

Events (10 events):
Event: 158.159 Executing VM operation: GetOrSetLocal
Event: 158.159 Executing VM operation: GetOrSetLocal done
Event: 158.162 Executing VM operation: GetOrSetLocal
Event: 158.162 Executing VM operation: GetOrSetLocal done
Event: 158.163 Executing VM operation: GetOrSetLocal
Event: 158.163 Executing VM operation: GetOrSetLocal done
Event: 158.166 Executing VM operation: GetOrSetLocal
Event: 158.166 Executing VM operation: GetOrSetLocal done
Event: 158.167 Executing VM operation: GetOrSetLocal
Event: 158.167 Executing VM operation: GetOrSetLocal done


Dynamic libraries:
0x0000000009277000 	/System/Library/Frameworks/Cocoa.framework/Versions/A/Cocoa
0x0000000009277000 	/System/Library/Frameworks/Security.framework/Versions/A/Security
0x0000000009277000 	/System/Library/Frameworks/ApplicationServices.framework/Versions/A/ApplicationServices
0x0000000009277000 	/usr/lib/libz.1.dylib
0x0000000009277000 	/usr/lib/libSystem.B.dylib
0x0000000009277000 	/usr/lib/libobjc.A.dylib
0x0000000009277000 	/System/Library/Frameworks/CoreFoundation.framework/Versions/A/CoreFoundation
0x0000000009277000 	/System/Library/Frameworks/Foundation.framework/Versions/C/Foundation
0x0000000009277000 	/System/Library/Frameworks/AppKit.framework/Versions/C/AppKit
0x0000000009277000 	/System/Library/Frameworks/CoreData.framework/Versions/A/CoreData
0x0000000009277000 	/System/Library/PrivateFrameworks/RemoteViewServices.framework/Versions/A/RemoteViewServices
0x0000000009277000 	/System/Library/PrivateFrameworks/UIFoundation.framework/Versions/A/UIFoundation
0x0000000009277000 	/usr/lib/libScreenReader.dylib
0x0000000009277000 	/System/Library/Frameworks/Accelerate.framework/Versions/A/Accelerate
0x0000000009277000 	/System/Library/Frameworks/IOSurface.framework/Versions/A/IOSurface
0x0000000009277000 	/System/Library/Frameworks/AudioToolbox.framework/Versions/A/AudioToolbox
0x0000000009277000 	/System/Library/Frameworks/AudioUnit.framework/Versions/A/AudioUnit
0x0000000009277000 	/System/Library/PrivateFrameworks/DataDetectorsCore.framework/Versions/A/DataDetectorsCore
0x0000000009277000 	/System/Library/PrivateFrameworks/DesktopServicesPriv.framework/Versions/A/DesktopServicesPriv
0x0000000009277000 	/System/Library/Frameworks/Carbon.framework/Versions/A/Frameworks/HIToolbox.framework/Versions/A/HIToolbox
0x0000000009277000 	/System/Library/Frameworks/QuartzCore.framework/Versions/A/QuartzCore
0x0000000009277000 	/System/Library/Frameworks/Carbon.framework/Versions/A/Frameworks/SpeechRecognition.framework/Versions/A/SpeechRecognition
0x0000000009277000 	/usr/lib/libauto.dylib
0x0000000009277000 	/usr/lib/libicucore.A.dylib
0x0000000009277000 	/usr/lib/libxml2.2.dylib
0x0000000009277000 	/System/Library/PrivateFrameworks/CoreUI.framework/Versions/A/CoreUI
0x0000000009277000 	/System/Library/Frameworks/CoreAudio.framework/Versions/A/CoreAudio
0x0000000009277000 	/System/Library/Frameworks/DiskArbitration.framework/Versions/A/DiskArbitration
0x0000000009277000 	/usr/lib/liblangid.dylib
0x0000000009277000 	/System/Library/PrivateFrameworks/MultitouchSupport.framework/Versions/A/MultitouchSupport
0x0000000009277000 	/System/Library/Frameworks/IOKit.framework/Versions/A/IOKit
0x0000000009277000 	/usr/lib/libDiagnosticMessagesClient.dylib
0x0000000009277000 	/System/Library/Frameworks/CoreServices.framework/Versions/A/CoreServices
0x0000000009277000 	/System/Library/PrivateFrameworks/PerformanceAnalysis.framework/Versions/A/PerformanceAnalysis
0x0000000009277000 	/System/Library/PrivateFrameworks/GenerationalStorage.framework/Versions/A/GenerationalStorage
0x0000000009277000 	/System/Library/Frameworks/OpenGL.framework/Versions/A/OpenGL
0x0000000009277000 	/System/Library/PrivateFrameworks/Sharing.framework/Versions/A/Sharing
0x0000000009277000 	/System/Library/Frameworks/CoreGraphics.framework/Versions/A/CoreGraphics
0x0000000009277000 	/System/Library/Frameworks/CoreImage.framework/Versions/A/CoreImage
0x0000000009277000 	/System/Library/Frameworks/CoreText.framework/Versions/A/CoreText
0x0000000009277000 	/System/Library/Frameworks/ImageIO.framework/Versions/A/ImageIO
0x0000000009277000 	/System/Library/PrivateFrameworks/Backup.framework/Versions/A/Backup
0x0000000009277000 	/usr/lib/libextension.dylib
0x0000000009277000 	/usr/lib/libarchive.2.dylib
0x0000000009277000 	/System/Library/Frameworks/CFNetwork.framework/Versions/A/CFNetwork
0x0000000009277000 	/System/Library/Frameworks/SystemConfiguration.framework/Versions/A/SystemConfiguration
0x0000000009277000 	/usr/lib/libCRFSuite.dylib
0x0000000009277000 	/usr/lib/libc++.1.dylib
0x0000000009277000 	/usr/lib/libc++abi.dylib
0x0000000009277000 	/usr/lib/system/libcache.dylib
0x0000000009277000 	/usr/lib/system/libcommonCrypto.dylib
0x0000000009277000 	/usr/lib/system/libcompiler_rt.dylib
0x0000000009277000 	/usr/lib/system/libcopyfile.dylib
0x0000000009277000 	/usr/lib/system/libcorecrypto.dylib
0x0000000009277000 	/usr/lib/system/libdispatch.dylib
0x0000000009277000 	/usr/lib/system/libdyld.dylib
0x0000000009277000 	/usr/lib/system/libkeymgr.dylib
0x0000000009277000 	/usr/lib/system/liblaunch.dylib
0x0000000009277000 	/usr/lib/system/libmacho.dylib
0x0000000009277000 	/usr/lib/system/libquarantine.dylib
0x0000000009277000 	/usr/lib/system/libremovefile.dylib
0x0000000009277000 	/usr/lib/system/libsystem_asl.dylib
0x0000000009277000 	/usr/lib/system/libsystem_blocks.dylib
0x0000000009277000 	/usr/lib/system/libsystem_c.dylib
0x0000000009277000 	/usr/lib/system/libsystem_configuration.dylib
0x0000000009277000 	/usr/lib/system/libsystem_coreservices.dylib
0x0000000009277000 	/usr/lib/system/libsystem_coretls.dylib
0x0000000009277000 	/usr/lib/system/libsystem_dnssd.dylib
0x0000000009277000 	/usr/lib/system/libsystem_info.dylib
0x0000000009277000 	/usr/lib/system/libsystem_kernel.dylib
0x0000000009277000 	/usr/lib/system/libsystem_m.dylib
0x0000000009277000 	/usr/lib/system/libsystem_malloc.dylib
0x0000000009277000 	/usr/lib/system/libsystem_network.dylib
0x0000000009277000 	/usr/lib/system/libsystem_networkextension.dylib
0x0000000009277000 	/usr/lib/system/libsystem_notify.dylib
0x0000000009277000 	/usr/lib/system/libsystem_platform.dylib
0x0000000009277000 	/usr/lib/system/libsystem_pthread.dylib
0x0000000009277000 	/usr/lib/system/libsystem_sandbox.dylib
0x0000000009277000 	/usr/lib/system/libsystem_secinit.dylib
0x0000000009277000 	/usr/lib/system/libsystem_trace.dylib
0x0000000009277000 	/usr/lib/system/libunc.dylib
0x0000000009277000 	/usr/lib/system/libunwind.dylib
0x0000000009277000 	/usr/lib/system/libxpc.dylib
0x0000000009277000 	/usr/lib/libenergytrace.dylib
0x0000000009277000 	/usr/lib/libbsm.0.dylib
0x0000000009277000 	/usr/lib/system/libkxld.dylib
0x0000000009277000 	/usr/lib/libxar.1.dylib
0x0000000009277000 	/usr/lib/libsqlite3.dylib
0x0000000009277000 	/usr/lib/libpam.2.dylib
0x0000000009277000 	/usr/lib/libOpenScriptingUtil.dylib
0x0000000009277000 	/usr/lib/libbz2.1.0.dylib
0x0000000009277000 	/usr/lib/liblzma.5.dylib
0x0000000009277000 	/System/Library/Frameworks/CoreServices.framework/Versions/A/Frameworks/FSEvents.framework/Versions/A/FSEvents
0x0000000009277000 	/System/Library/Frameworks/CoreServices.framework/Versions/A/Frameworks/CarbonCore.framework/Versions/A/CarbonCore
0x0000000009277000 	/System/Library/Frameworks/CoreServices.framework/Versions/A/Frameworks/Metadata.framework/Versions/A/Metadata
0x0000000009277000 	/System/Library/Frameworks/CoreServices.framework/Versions/A/Frameworks/OSServices.framework/Versions/A/OSServices
0x0000000009277000 	/System/Library/Frameworks/CoreServices.framework/Versions/A/Frameworks/SearchKit.framework/Versions/A/SearchKit
0x0000000009277000 	/System/Library/Frameworks/CoreServices.framework/Versions/A/Frameworks/AE.framework/Versions/A/AE
0x0000000009277000 	/System/Library/Frameworks/CoreServices.framework/Versions/A/Frameworks/LaunchServices.framework/Versions/A/LaunchServices
0x0000000009277000 	/System/Library/Frameworks/CoreServices.framework/Versions/A/Frameworks/DictionaryServices.framework/Versions/A/DictionaryServices
0x0000000009277000 	/System/Library/Frameworks/CoreServices.framework/Versions/A/Frameworks/SharedFileList.framework/Versions/A/SharedFileList
0x0000000009277000 	/System/Library/Frameworks/NetFS.framework/Versions/A/NetFS
0x0000000009277000 	/System/Library/PrivateFrameworks/NetAuth.framework/Versions/A/NetAuth
0x0000000009277000 	/System/Library/PrivateFrameworks/login.framework/Versions/A/Frameworks/loginsupport.framework/Versions/A/loginsupport
0x0000000009277000 	/System/Library/PrivateFrameworks/TCC.framework/Versions/A/TCC
0x0000000009277000 	/usr/lib/libmecabra.dylib
0x0000000009277000 	/System/Library/Frameworks/ApplicationServices.framework/Versions/A/Frameworks/ATS.framework/Versions/A/ATS
0x0000000009277000 	/System/Library/Frameworks/ApplicationServices.framework/Versions/A/Frameworks/ColorSync.framework/Versions/A/ColorSync
0x0000000009277000 	/System/Library/Frameworks/ApplicationServices.framework/Versions/A/Frameworks/HIServices.framework/Versions/A/HIServices
0x0000000009277000 	/System/Library/Frameworks/ApplicationServices.framework/Versions/A/Frameworks/LangAnalysis.framework/Versions/A/LangAnalysis
0x0000000009277000 	/System/Library/Frameworks/ApplicationServices.framework/Versions/A/Frameworks/PrintCore.framework/Versions/A/PrintCore
0x0000000009277000 	/System/Library/Frameworks/ApplicationServices.framework/Versions/A/Frameworks/QD.framework/Versions/A/QD
0x0000000009277000 	/System/Library/Frameworks/ApplicationServices.framework/Versions/A/Frameworks/SpeechSynthesis.framework/Versions/A/SpeechSynthesis
0x0000000009277000 	/System/Library/Frameworks/Metal.framework/Versions/A/Metal
0x0000000009277000 	/System/Library/Frameworks/Accelerate.framework/Versions/A/Frameworks/vImage.framework/Versions/A/vImage
0x0000000009277000 	/System/Library/Frameworks/Accelerate.framework/Versions/A/Frameworks/vecLib.framework/Versions/A/vecLib
0x0000000009277000 	/System/Library/Frameworks/Accelerate.framework/Versions/A/Frameworks/vecLib.framework/Versions/A/libvDSP.dylib
0x0000000009277000 	/System/Library/Frameworks/Accelerate.framework/Versions/A/Frameworks/vecLib.framework/Versions/A/libvMisc.dylib
0x0000000009277000 	/System/Library/Frameworks/Accelerate.framework/Versions/A/Frameworks/vecLib.framework/Versions/A/libLAPACK.dylib
0x0000000009277000 	/System/Library/Frameworks/Accelerate.framework/Versions/A/Frameworks/vecLib.framework/Versions/A/libBLAS.dylib
0x0000000009277000 	/System/Library/Frameworks/Accelerate.framework/Versions/A/Frameworks/vecLib.framework/Versions/A/libLinearAlgebra.dylib
0x0000000009277000 	/System/Library/Frameworks/Accelerate.framework/Versions/A/Frameworks/vecLib.framework/Versions/A/libSparseBLAS.dylib
0x0000000009277000 	/System/Library/PrivateFrameworks/GPUCompiler.framework/libmetal_timestamp.dylib
0x0000000009277000 	/System/Library/Frameworks/OpenGL.framework/Versions/A/Libraries/libCoreFSCache.dylib
0x0000000009277000 	/System/Library/PrivateFrameworks/IOAccelerator.framework/Versions/A/IOAccelerator
0x0000000009277000 	/System/Library/Frameworks/ApplicationServices.framework/Versions/A/Frameworks/ATS.framework/Versions/A/Resources/libFontParser.dylib
0x0000000009277000 	/System/Library/Frameworks/ApplicationServices.framework/Versions/A/Frameworks/ATS.framework/Versions/A/Resources/libFontRegistry.dylib
0x0000000009277000 	/System/Library/PrivateFrameworks/AppleVPA.framework/Versions/A/AppleVPA
0x0000000009277000 	/System/Library/PrivateFrameworks/AppleJPEG.framework/Versions/A/AppleJPEG
0x0000000009277000 	/System/Library/Frameworks/ImageIO.framework/Versions/A/Resources/libJPEG.dylib
0x0000000009277000 	/System/Library/Frameworks/ImageIO.framework/Versions/A/Resources/libTIFF.dylib
0x0000000009277000 	/System/Library/Frameworks/ImageIO.framework/Versions/A/Resources/libPng.dylib
0x0000000009277000 	/System/Library/Frameworks/ImageIO.framework/Versions/A/Resources/libGIF.dylib
0x0000000009277000 	/System/Library/Frameworks/ImageIO.framework/Versions/A/Resources/libJP2.dylib
0x0000000009277000 	/System/Library/Frameworks/ImageIO.framework/Versions/A/Resources/libRadiance.dylib
0x0000000009277000 	/System/Library/Frameworks/CoreVideo.framework/Versions/A/CoreVideo
0x0000000009277000 	/System/Library/Frameworks/OpenGL.framework/Versions/A/Libraries/libGLU.dylib
0x0000000009277000 	/System/Library/Frameworks/OpenGL.framework/Versions/A/Libraries/libGFXShared.dylib
0x0000000009277000 	/System/Library/Frameworks/OpenGL.framework/Versions/A/Libraries/libGL.dylib
0x0000000009277000 	/System/Library/Frameworks/OpenGL.framework/Versions/A/Libraries/libGLImage.dylib
0x0000000009277000 	/System/Library/Frameworks/OpenGL.framework/Versions/A/Libraries/libCVMSPluginSupport.dylib
0x0000000009277000 	/System/Library/Frameworks/OpenGL.framework/Versions/A/Libraries/libCoreVMClient.dylib
0x0000000009277000 	/usr/lib/libcompression.dylib
0x0000000009277000 	/usr/lib/libcups.2.dylib
0x0000000009277000 	/System/Library/Frameworks/Kerberos.framework/Versions/A/Kerberos
0x0000000009277000 	/System/Library/Frameworks/GSS.framework/Versions/A/GSS
0x0000000009277000 	/usr/lib/libresolv.9.dylib
0x0000000009277000 	/usr/lib/libiconv.2.dylib
0x0000000009277000 	/System/Library/PrivateFrameworks/Heimdal.framework/Versions/A/Heimdal
0x0000000009277000 	/usr/lib/libheimdal-asn1.dylib
0x0000000009277000 	/System/Library/Frameworks/OpenDirectory.framework/Versions/A/OpenDirectory
0x0000000009277000 	/System/Library/PrivateFrameworks/CommonAuth.framework/Versions/A/CommonAuth
0x0000000009277000 	/System/Library/Frameworks/OpenDirectory.framework/Versions/A/Frameworks/CFOpenDirectory.framework/Versions/A/CFOpenDirectory
0x0000000009277000 	/System/Library/Frameworks/SecurityFoundation.framework/Versions/A/SecurityFoundation
0x0000000009277000 	/System/Library/PrivateFrameworks/LanguageModeling.framework/Versions/A/LanguageModeling
0x0000000009277000 	/usr/lib/libmarisa.dylib
0x0000000009277000 	/usr/lib/libChineseTokenizer.dylib
0x0000000009277000 	/usr/lib/libcmph.dylib
0x0000000009277000 	/System/Library/Frameworks/ServiceManagement.framework/Versions/A/ServiceManagement
0x0000000009277000 	/usr/lib/libxslt.1.dylib
0x0000000009277000 	/System/Library/Frameworks/Carbon.framework/Versions/A/Frameworks/Ink.framework/Versions/A/Ink
0x0000000009277000 	/usr/lib/libFosl_dynamic.dylib
0x0000000009277000 	/System/Library/PrivateFrameworks/FaceCore.framework/Versions/A/FaceCore
0x0000000009277000 	/System/Library/Frameworks/OpenCL.framework/Versions/A/OpenCL
0x0000000009277000 	/System/Library/PrivateFrameworks/CrashReporterSupport.framework/Versions/A/CrashReporterSupport
0x0000000009277000 	/System/Library/PrivateFrameworks/IconServices.framework/Versions/A/IconServices
0x0000000009277000 	/System/Library/PrivateFrameworks/Apple80211.framework/Versions/A/Apple80211
0x0000000009277000 	/System/Library/Frameworks/CoreWLAN.framework/Versions/A/CoreWLAN
0x0000000009277000 	/System/Library/Frameworks/IOBluetooth.framework/Versions/A/IOBluetooth
0x0000000009277000 	/System/Library/PrivateFrameworks/CoreWiFi.framework/Versions/A/CoreWiFi
0x0000000009277000 	/System/Library/Frameworks/CoreBluetooth.framework/Versions/A/CoreBluetooth
0x0000000009277000 	/System/Library/PrivateFrameworks/ChunkingLibrary.framework/Versions/A/ChunkingLibrary
0x0000000009277000 	/System/Library/PrivateFrameworks/DebugSymbols.framework/Versions/A/DebugSymbols
0x0000000009277000 	/System/Library/PrivateFrameworks/CoreSymbolication.framework/Versions/A/CoreSymbolication
0x0000000009277000 	/System/Library/PrivateFrameworks/Symbolication.framework/Versions/A/Symbolication
0x0000000009277000 	/System/Library/PrivateFrameworks/SpeechRecognitionCore.framework/Versions/A/SpeechRecognitionCore
0x0000000104800000 	/Library/Java/JavaVirtualMachines/jdk1.8.0_40.jdk/Contents/Home/jre/lib/server/libjvm.dylib
0x0000000009277000 	/usr/lib/libstdc++.6.dylib
0x00000001036be000 	/Library/Java/JavaVirtualMachines/jdk1.8.0_40.jdk/Contents/Home/jre/lib/libverify.dylib
0x00000001036cc000 	/Library/Java/JavaVirtualMachines/jdk1.8.0_40.jdk/Contents/Home/jre/lib/libjava.dylib
0x0000000103702000 	/Library/Java/JavaVirtualMachines/jdk1.8.0_40.jdk/Contents/Home/jre/lib/libjdwp.dylib
0x000000010374d000 	/Library/Java/JavaVirtualMachines/jdk1.8.0_40.jdk/Contents/Home/jre/lib/libnpt.dylib
0x0000000103751000 	/Library/Java/JavaVirtualMachines/jdk1.8.0_40.jdk/Contents/Home/jre/lib/libinstrument.dylib
0x00000001037af000 	/Library/Java/JavaVirtualMachines/jdk1.8.0_40.jdk/Contents/Home/jre/lib/libzip.dylib
0x00000001207b6000 	/System/Library/Frameworks/JavaVM.framework/Frameworks/JavaRuntimeSupport.framework/JavaRuntimeSupport
0x00000001207d1000 	/System/Library/Frameworks/JavaVM.framework/Versions/A/Frameworks/JavaNativeFoundation.framework/Versions/A/JavaNativeFoundation
0x00000001207e6000 	/System/Library/Frameworks/JavaVM.framework/Versions/A/JavaVM
0x0000000009277000 	/System/Library/Frameworks/Carbon.framework/Versions/A/Carbon
0x00000001207f3000 	/System/Library/PrivateFrameworks/JavaLaunching.framework/Versions/A/JavaLaunching
0x0000000009277000 	/System/Library/Frameworks/Carbon.framework/Versions/A/Frameworks/CommonPanels.framework/Versions/A/CommonPanels
0x0000000009277000 	/System/Library/Frameworks/Carbon.framework/Versions/A/Frameworks/Help.framework/Versions/A/Help
0x0000000009277000 	/System/Library/Frameworks/Carbon.framework/Versions/A/Frameworks/ImageCapture.framework/Versions/A/ImageCapture
0x0000000009277000 	/System/Library/Frameworks/Carbon.framework/Versions/A/Frameworks/OpenScripting.framework/Versions/A/OpenScripting
0x0000000009277000 	/System/Library/Frameworks/Carbon.framework/Versions/A/Frameworks/Print.framework/Versions/A/Print
0x0000000009277000 	/System/Library/Frameworks/Carbon.framework/Versions/A/Frameworks/SecurityHI.framework/Versions/A/SecurityHI
0x0000000122113000 	/Library/Java/JavaVirtualMachines/jdk1.8.0_40.jdk/Contents/Home/jre/lib/libdt_socket.dylib
0x000000012252e000 	/Library/Java/JavaVirtualMachines/jdk1.8.0_40.jdk/Contents/Home/jre/lib/libmanagement.dylib
0x00000001226a0000 	/Library/Java/JavaVirtualMachines/jdk1.8.0_40.jdk/Contents/Home/jre/lib/libnet.dylib
0x00000001224a2000 	/Library/Java/JavaVirtualMachines/jdk1.8.0_40.jdk/Contents/Home/jre/lib/libnio.dylib

VM Arguments:
jvm_args: -agentlib:jdwp=transport=dt_socket,address=127.0.0.1:54702,suspend=y,server=n -ea -javaagent:/Users/scrobinson41/Library/Caches/IntelliJIdea2016.1/groovyHotSwap/gragent.jar -Didea.junit.sm_runner -Dfile.encoding=UTF-8 
java_command: com.intellij.rt.execution.junit.JUnitStarter -ideVersion5 com.baltimorecrime.core.dao.MapDaoIT,testReadFilteredDataByDistricts
java_class_path (initial): /Applications/IntelliJ IDEA.app/Contents/lib/idea_rt.jar:/Applications/IntelliJ IDEA.app/Contents/plugins/junit/lib/junit-rt.jar:/Library/Java/JavaVirtualMachines/jdk1.8.0_40.jdk/Contents/Home/lib/ant-javafx.jar:/Library/Java/JavaVirtualMachines/jdk1.8.0_40.jdk/Contents/Home/lib/dt.jar:/Library/Java/JavaVirtualMachines/jdk1.8.0_40.jdk/Contents/Home/lib/javafx-mx.jar:/Library/Java/JavaVirtualMachines/jdk1.8.0_40.jdk/Contents/Home/lib/jconsole.jar:/Library/Java/JavaVirtualMachines/jdk1.8.0_40.jdk/Contents/Home/lib/packager.jar:/Library/Java/JavaVirtualMachines/jdk1.8.0_40.jdk/Contents/Home/lib/sa-jdi.jar:/Library/Java/JavaVirtualMachines/jdk1.8.0_40.jdk/Contents/Home/lib/tools.jar:/Library/Java/JavaVirtualMachines/jdk1.8.0_40.jdk/Contents/Home/jre/lib/charsets.jar:/Library/Java/JavaVirtualMachines/jdk1.8.0_40.jdk/Contents/Home/jre/lib/deploy.jar:/Library/Java/JavaVirtualMachines/jdk1.8.0_40.jdk/Contents/Home/jre/lib/javaws.jar:/Library/Java/JavaVirtualMachines/jdk1.8.0_40.jdk/Contents/Home/jre/lib/jce.jar:/Library/Java/JavaVirtualMachines/jdk1.8.0_40.jdk/Contents/Home/jre/lib/jfr.jar:/Library/Java/JavaVirtualMachines/jdk1.8.0_40.jdk/Contents/Home/jre/lib/jfxswt.jar:/Library/Java/JavaVirtualMachines/jdk1.8.0_40.jdk/Contents/Home/jre/lib/jsse.jar:/Library/Java/JavaVirtualMachines/jdk1.8.0_40.jdk/Contents/Home/jre/lib/management-agent.jar:/Library/Java/JavaVirtualMachines/jdk1.8.0_40.jdk/Contents/Home/jre/lib/plugin.jar:/Library/Java/JavaVirtualMachines/jdk1.8.0_40.jdk/Contents/Home/jre/lib/resources.jar:/Library/Java/JavaVirtualMachines/jdk1.8.0_40.jdk/Contents/Home/jre/lib/rt.jar:/Library/Java/JavaVirtualMachines/jdk1.8.0_40.jdk/Contents/Home/jre/lib/ext/cldrdata.jar:/Library/Java/JavaVirtualMachines/jdk1.8.0_40.jdk/Contents/Home/jre/lib/ext/dnsns.jar:/Library/Java/JavaVirtualMachines/jdk1.8.0_40.jdk/Contents/Home/jre/lib/ext/jfxrt.jar:/Library/Java/JavaVirtualMachines/jdk1.8.0_40.jdk/Contents/Home/jre/lib/ext/localedata.jar:/Library/Java/J
Launcher Type: SUN_STANDARD

Environment Variables:
JAVA_HOME=/Library/Java/JavaVirtualMachines/jdk1.8.0_40.jdk/Contents/Home
PATH=/Library/Frameworks/Python.framework/Versions/3.5/bin:/usr/local/bin:/usr/bin:/bin:/usr/sbin:/sbin
SHELL=/bin/bash

Signal Handlers:
SIGSEGV: [libjvm.dylib+0x58ef95], sa_mask[0]=11111111011111110111111111111111, sa_flags=SA_ONSTACK|SA_RESTART|SA_SIGINFO
SIGBUS: [libjvm.dylib+0x58ef95], sa_mask[0]=11111111011111110111111111111111, sa_flags=SA_RESTART|SA_SIGINFO
SIGFPE: [libjvm.dylib+0x46c118], sa_mask[0]=11111111011111110111111111111111, sa_flags=SA_RESTART|SA_SIGINFO
SIGPIPE: [libjvm.dylib+0x46c118], sa_mask[0]=11111111011111110111111111111111, sa_flags=SA_RESTART|SA_SIGINFO
SIGXFSZ: [libjvm.dylib+0x46c118], sa_mask[0]=11111111011111110111111111111111, sa_flags=SA_RESTART|SA_SIGINFO
SIGILL: [libjvm.dylib+0x46c118], sa_mask[0]=11111111011111110111111111111111, sa_flags=SA_RESTART|SA_SIGINFO
SIGUSR1: SIG_DFL, sa_mask[0]=00000000000000000000000000000000, sa_flags=none
SIGUSR2: [libjvm.dylib+0x46bc36], sa_mask[0]=00100000000000000000000000000000, sa_flags=SA_RESTART|SA_SIGINFO
SIGHUP: [libjvm.dylib+0x46a209], sa_mask[0]=11111111011111110111111111111111, sa_flags=SA_RESTART|SA_SIGINFO
SIGINT: [libjvm.dylib+0x46a209], sa_mask[0]=11111111011111110111111111111111, sa_flags=SA_RESTART|SA_SIGINFO
SIGTERM: [libjvm.dylib+0x46a209], sa_mask[0]=11111111011111110111111111111111, sa_flags=SA_RESTART|SA_SIGINFO
SIGQUIT: [libjvm.dylib+0x46a209], sa_mask[0]=11111111011111110111111111111111, sa_flags=SA_RESTART|SA_SIGINFO


---------------  S Y S T E M  ---------------

OS:Bsduname:Darwin 15.5.0 Darwin Kernel Version 15.5.0: Tue Apr 19 18:36:36 PDT 2016; root:xnu-3248.50.21~8/RELEASE_X86_64 x86_64
rlimit: STACK 8192k, CORE 0k, NPROC 709, NOFILE 10240, AS infinity
load average:2.69 2.49 2.37

CPU:total 8 (4 cores per cpu, 2 threads per core) family 6 model 70 stepping 1, cmov, cx8, fxsr, mmx, sse, sse2, sse3, ssse3, sse4.1, sse4.2, popcnt, avx, avx2, aes, clmul, erms, rtm, lzcnt, ht, tsc, tscinvbit, bmi1, bmi2

Memory: 4k page, physical 16777216k(317536k free)

/proc/meminfo:


vm_info: Java HotSpot(TM) 64-Bit Server VM (25.40-b25) for bsd-amd64 JRE (1.8.0_40-b25), built on Feb 10 2015 21:07:25 by "java_re" with gcc 4.2.1 (Based on Apple Inc. build 5658) (LLVM build 2336.11.00)

time: Mon Jul 11 01:37:38 2016
elapsed time: 177 seconds (0d 0h 2m 57s)

